****************************************
Report : timing
	-path_type full
	-delay_type max
	-max_paths 1
	-sort_by slack
Design : STAR
Version: R-2020.09
Date   : Sat Apr 13 23:28:56 2024
****************************************


  Startpoint: Cur_state_reg_1_
               (rising edge-triggered flip-flop clocked by clk)
  Endpoint: Match_Vector_Array_reg_0__22_
               (rising edge-triggered flip-flop clocked by clk)
  Path Group: clk
  Path Type: max

  Point                                                   Incr       Path
  ------------------------------------------------------------------------------
  clock clk (rise edge)                                   0.00       0.00
  clock network delay (ideal)                             0.50       0.50
  Cur_state_reg_1_/CK (DFFRX1)                            0.00       0.50 r
  Cur_state_reg_1_/QN (DFFRX1)                            0.91 *     1.41 r
  U839/Y (NAND3X1)                                        0.78 *     2.19 f
  U989/Y (CLKBUFX3)                                       0.74 *     2.93 f
  U974/Y (NAND2X1)                                        0.52 *     3.45 r
  U1264/Y (AND4X1)                                        0.92 *     4.37 r
  U975/Y (CLKBUFX3)                                       0.70 *     5.07 r
  U918/Y (CLKBUFX3)                                       0.37 *     5.44 r
  U834/Y (NOR2BX1)                                        0.85 *     6.29 r
  U919/Y (CLKBUFX3)                                       0.85 *     7.14 r
  U893/Y (CLKBUFX3)                                       0.80 *     7.94 r
  U1139/Y (OAI2BB2XL)                                     0.36 *     8.30 r
  Match_Vector_Array_reg_0__22_/D (DFFRX1)                0.00 *     8.30 r
  data arrival time                                                  8.30

  clock clk (rise edge)                                  15.00      15.00
  clock network delay (ideal)                             0.50      15.50
  clock reconvergence pessimism                           0.00      15.50
  clock uncertainty                                      -0.10      15.40
  Match_Vector_Array_reg_0__22_/CK (DFFRX1)                         15.40 r
  library setup time                                     -0.29 *    15.11
  data required time                                                15.11
  ------------------------------------------------------------------------------
  data required time                                                15.11
  data arrival time                                                 -8.30
  ------------------------------------------------------------------------------
  slack (MET)                                                        6.81


1
****************************************
Report : timing
	-path_type full
	-delay_type max
	-nets
	-max_paths 1
	-transition_time
	-capacitance
	-sort_by slack
Design : STAR
Version: R-2020.09
Date   : Sat Apr 13 23:28:56 2024
****************************************


  Startpoint: Cur_state_reg_1_
               (rising edge-triggered flip-flop clocked by clk)
  Endpoint: Match_Vector_Array_reg_0__22_
               (rising edge-triggered flip-flop clocked by clk)
  Path Group: clk
  Path Type: max

  Point                       Fanout    Cap      Trans       Incr       Path
  -----------------------------------------------------------------------------
  clock clk (rise edge)                           0.00       0.00       0.00
  clock network delay (ideal)                                0.50       0.50
  Cur_state_reg_1_/CK (DFFRX1)                    0.00       0.00       0.50 r
  Cur_state_reg_1_/QN (DFFRX1)                    0.00       0.91 *     1.41 r
  n2680 (net)                    6     0.08 
  U839/Y (NAND3X1)                                0.00       0.78 *     2.19 f
  n43 (net)                      7     0.08 
  U989/Y (CLKBUFX3)                               0.00       0.74 *     2.93 f
  n1123 (net)                   12     0.14 
  U974/Y (NAND2X1)                                0.00       0.52 *     3.45 r
  n173 (net)                     3     0.04 
  U1264/Y (AND4X1)                                0.00       0.92 *     4.37 r
  n175 (net)                     7     0.08 
  U975/Y (CLKBUFX3)                               0.00       0.70 *     5.07 r
  n1117 (net)                   16     0.19 
  U918/Y (CLKBUFX3)                               0.00       0.37 *     5.44 r
  n1120 (net)                    5     0.06 
  U834/Y (NOR2BX1)                                0.00       0.85 *     6.29 r
  n177 (net)                     5     0.06 
  U919/Y (CLKBUFX3)                               0.00       0.85 *     7.14 r
  n1114 (net)                   21     0.25 
  U893/Y (CLKBUFX3)                               0.00       0.80 *     7.94 r
  n1115 (net)                   21     0.24 
  U1139/Y (OAI2BB2XL)                             0.00       0.36 *     8.30 r
  n517 (net)                     1     0.01 
  Match_Vector_Array_reg_0__22_/D (DFFRX1)        0.00       0.00 *     8.30 r
  data arrival time                                                     8.30

  clock clk (rise edge)                           0.00      15.00      15.00
  clock network delay (ideal)                                0.50      15.50
  clock reconvergence pessimism                              0.00      15.50
  clock uncertainty                                         -0.10      15.40
  Match_Vector_Array_reg_0__22_/CK (DFFRX1)                            15.40 r
  library setup time                                        -0.29 *    15.11
  data required time                                                   15.11
  -----------------------------------------------------------------------------
  data required time                                                   15.11
  data arrival time                                                    -8.30
  -----------------------------------------------------------------------------
  slack (MET)                                                           6.81


1
****************************************
Report : timing
	-path_type summary
	-delay_type max
	-nworst 10
	-slack_lesser_than 0.00
	-max_paths 10
	-sort_by slack
Design : STAR
Version: R-2020.09
Date   : Sat Apr 13 23:28:56 2024
****************************************

No paths with slack less than 0.00.

1
