 
****************************************
Report : area
Design : STAR
Version: T-2022.03
Date   : Mon Mar 18 22:34:51 2024
****************************************

Library(s) Used:

    slow (File: /home/nfs_cad/lib/CBDK_IC_Contest_v2.1/SynopsysDC/db/slow.db)

Number of ports:                          755
Number of nets:                          4723
Number of cells:                         3865
Number of combinational cells:           2897
Number of sequential cells:               964
Number of macros/black boxes:               0
Number of buf/inv:                       1215
Number of references:                      38

Combinational area:              22419.259151
Buf/Inv area:                     8957.179671
Noncombinational area:           31089.577347
Macro/Black Box area:                0.000000
Net Interconnect area:          468442.414673

Total cell area:                 53508.836498
Total area:                     521951.251170
1
